This is e-pTeX, Version 3.14159265-p3.7-150805-2.6 (utf8.sjis) (TeX Live 2015/W32TeX) (preloaded format=platex 2015.11.21)  5 FEB 2016 19:22
entering extended mode
 restricted \write18 enabled.
 %&-line parsing enabled.
**./main.tex
(./main.tex
pLaTeX2e <2006/11/10> (based on LaTeX2e <2015/10/01> patch level 2)
Babel <3.9m> and hyphenation patterns for 79 languages loaded.
(c:/w32tex/share/texmf-dist/tex/platex/base/jreport.cls
Document Class: jreport 2006/06/27 v1.6 Standard pLaTeX class
\c@@paper=\count81
(c:/w32tex/share/texmf-dist/tex/platex/base/jsize10.clo
File: jsize10.clo 2006/06/27 v1.6 Standard pLaTeX file (size option)
)
\c@part=\count82
\c@chapter=\count83
\c@section=\count84
\c@subsection=\count85
\c@subsubsection=\count86
\c@paragraph=\count87
\c@subparagraph=\count88
\c@figure=\count89
\c@table=\count90
\abovecaptionskip=\skip41
\belowcaptionskip=\skip42
\symmincho=\mathgroup4
LaTeX Font Info:    Overwriting symbol font `mincho' in version `bold'
(Font)                  JY1/mc/m/n --> JY1/gt/m/n on input line 677.
\toclineskip=\dimen118
\@lnumwidth=\dimen119
\bibindent=\dimen120
\heisei=\count91
) (./sty/graduate.sty
Option Style `graduate' <7 Feb 99>.
) (./sty/subfigure.sty
\c@subfigure=\count92
) (./sty/here.sty)
(c:/w32tex/share/texmf-dist/tex/latex/amsmath/amsmath.sty
Package: amsmath 2013/01/14 v2.14 AMS math features
\@mathmargin=\skip43

For additional information on amsmath, use the `?' option.
(c:/w32tex/share/texmf-dist/tex/latex/amsmath/amstext.sty
Package: amstext 2000/06/29 v2.01

(c:/w32tex/share/texmf-dist/tex/latex/amsmath/amsgen.sty
File: amsgen.sty 1999/11/30 v2.0
\@emptytoks=\toks15
\ex@=\dimen121
))
(c:/w32tex/share/texmf-dist/tex/latex/amsmath/amsbsy.sty
Package: amsbsy 1999/11/29 v1.2d
\pmbraise@=\dimen122
)
(c:/w32tex/share/texmf-dist/tex/latex/amsmath/amsopn.sty
Package: amsopn 1999/12/14 v2.01 operator names
)
\inf@bad=\count93
LaTeX Info: Redefining \frac on input line 210.
\uproot@=\count94
\leftroot@=\count95
LaTeX Info: Redefining \overline on input line 306.
\classnum@=\count96
\DOTSCASE@=\count97
LaTeX Info: Redefining \ldots on input line 378.
LaTeX Info: Redefining \dots on input line 381.
LaTeX Info: Redefining \cdots on input line 466.
\Mathstrutbox@=\box41
\strutbox@=\box42
\big@size=\dimen123
LaTeX Font Info:    Redeclaring font encoding OML on input line 566.
LaTeX Font Info:    Redeclaring font encoding OMS on input line 567.
\macc@depth=\count98
\c@MaxMatrixCols=\count99
\dotsspace@=\muskip10
\c@parentequation=\count100
\dspbrk@lvl=\count101
\tag@help=\toks16
\row@=\count102
\column@=\count103
\maxfields@=\count104
\andhelp@=\toks17
\eqnshift@=\dimen124
\alignsep@=\dimen125
\tagshift@=\dimen126
\tagwidth@=\dimen127
\totwidth@=\dimen128
\lineht@=\dimen129
\@envbody=\toks18
\multlinegap=\skip44
\multlinetaggap=\skip45
\mathdisplay@stack=\toks19
LaTeX Info: Redefining \[ on input line 2665.
LaTeX Info: Redefining \] on input line 2666.
)
(c:/w32tex/share/texmf-dist/tex/latex/amsfonts/amssymb.sty
Package: amssymb 2013/01/14 v3.01 AMS font symbols

(c:/w32tex/share/texmf-dist/tex/latex/amsfonts/amsfonts.sty
Package: amsfonts 2013/01/14 v3.01 Basic AMSFonts support
\symAMSa=\mathgroup5
\symAMSb=\mathgroup6
LaTeX Font Info:    Overwriting math alphabet `\mathfrak' in version `bold'
(Font)                  U/euf/m/n --> U/euf/b/n on input line 106.
))
(c:/w32tex/share/texmf-dist/tex/latex/graphics/graphicx.sty
Package: graphicx 2014/10/28 v1.0g Enhanced LaTeX Graphics (DPC,SPQR)

(c:/w32tex/share/texmf-dist/tex/latex/graphics/keyval.sty
Package: keyval 2014/10/28 v1.15 key=value parser (DPC)
\KV@toks@=\toks20
)
(c:/w32tex/share/texmf-dist/tex/latex/graphics/graphics.sty
Package: graphics 2014/10/28 v1.0p Standard LaTeX Graphics (DPC,SPQR)

(c:/w32tex/share/texmf-dist/tex/latex/graphics/trig.sty
Package: trig 1999/03/16 v1.09 sin cos tan (DPC)
)
(c:/w32tex/share/texmf-dist/tex/latex/config/graphics.cfg
File: graphics.cfg 2010/04/23 v1.9 graphics configuration of TeX Live
)
Package graphics Info: Driver file: dvipdfm.def on input line 94.

(c:/w32tex/share/texmf-dist/tex/latex/dvipdfm-def/dvipdfm.def
File: dvipdfm.def 1999/9/6 vx.x Driver-dependant file
))
\Gin@req@height=\dimen130
\Gin@req@width=\dimen131
)
(c:/w32tex/share/texmf-dist/tex/latex/graphics/color.sty
Package: color 2014/10/28 v1.1a Standard LaTeX Color (DPC)

(c:/w32tex/share/texmf-dist/tex/latex/config/color.cfg
File: color.cfg 2007/01/18 v1.5 color configuration of teTeX/TeXLive
)
Package color Info: Driver file: dvipdfm.def on input line 142.

(c:/w32tex/share/texmf-dist/tex/latex/graphics/dvipsnam.def
File: dvipsnam.def 2014/10/14 v3.0j Driver-dependent file (DPC,SPQR)
))
(c:/w32tex/share/texmf-dist/tex/latex/base/fontenc.sty
Package: fontenc 2005/09/27 v1.99g Standard LaTeX package

(c:/w32tex/share/texmf-dist/tex/latex/base/t1enc.def
File: t1enc.def 2005/09/27 v1.99g Standard LaTeX file
LaTeX Font Info:    Redeclaring font encoding T1 on input line 48.
))
(c:/w32tex/share/texmf-dist/tex/latex/txr/txfonts.sty
Package: txfonts 2008/01/22 v3.2.1
LaTeX Font Info:    Redeclaring symbol font `operators' on input line 21.
LaTeX Font Info:    Overwriting symbol font `operators' in version `normal'
(Font)                  OT1/cmr/m/n --> OT1/txr/m/n on input line 21.
LaTeX Font Info:    Overwriting symbol font `operators' in version `bold'
(Font)                  OT1/cmr/bx/n --> OT1/txr/m/n on input line 21.
LaTeX Font Info:    Overwriting symbol font `operators' in version `bold'
(Font)                  OT1/txr/m/n --> OT1/txr/bx/n on input line 22.
\symitalic=\mathgroup7
LaTeX Font Info:    Overwriting symbol font `italic' in version `bold'
(Font)                  OT1/txr/m/it --> OT1/txr/bx/it on input line 26.
LaTeX Font Info:    Redeclaring math alphabet \mathbf on input line 29.
LaTeX Font Info:    Overwriting math alphabet `\mathbf' in version `normal'
(Font)                  OT1/cmr/bx/n --> OT1/txr/bx/n on input line 29.
LaTeX Font Info:    Overwriting math alphabet `\mathbf' in version `bold'
(Font)                  OT1/cmr/bx/n --> OT1/txr/bx/n on input line 29.
LaTeX Font Info:    Redeclaring math alphabet \mathit on input line 30.
LaTeX Font Info:    Overwriting math alphabet `\mathit' in version `normal'
(Font)                  OT1/cmr/m/it --> OT1/txr/m/it on input line 30.
LaTeX Font Info:    Overwriting math alphabet `\mathit' in version `bold'
(Font)                  OT1/cmr/bx/it --> OT1/txr/m/it on input line 30.
LaTeX Font Info:    Overwriting math alphabet `\mathit' in version `bold'
(Font)                  OT1/txr/m/it --> OT1/txr/bx/it on input line 31.
LaTeX Font Info:    Redeclaring math alphabet \mathsf on input line 40.
LaTeX Font Info:    Overwriting math alphabet `\mathsf' in version `normal'
(Font)                  OT1/cmss/m/n --> OT1/txss/m/n on input line 40.
LaTeX Font Info:    Overwriting math alphabet `\mathsf' in version `bold'
(Font)                  OT1/cmss/bx/n --> OT1/txss/m/n on input line 40.
LaTeX Font Info:    Overwriting math alphabet `\mathsf' in version `bold'
(Font)                  OT1/txss/m/n --> OT1/txss/b/n on input line 41.
LaTeX Font Info:    Redeclaring math alphabet \mathtt on input line 50.
LaTeX Font Info:    Overwriting math alphabet `\mathtt' in version `normal'
(Font)                  OT1/cmtt/m/n --> OT1/txtt/m/n on input line 50.
LaTeX Font Info:    Overwriting math alphabet `\mathtt' in version `bold'
(Font)                  OT1/cmtt/m/n --> OT1/txtt/m/n on input line 50.
LaTeX Font Info:    Overwriting math alphabet `\mathtt' in version `bold'
(Font)                  OT1/txtt/m/n --> OT1/txtt/b/n on input line 51.
LaTeX Font Info:    Redeclaring symbol font `letters' on input line 58.
LaTeX Font Info:    Overwriting symbol font `letters' in version `normal'
(Font)                  OML/cmm/m/it --> OML/txmi/m/it on input line 58.
LaTeX Font Info:    Overwriting symbol font `letters' in version `bold'
(Font)                  OML/cmm/b/it --> OML/txmi/m/it on input line 58.
LaTeX Font Info:    Overwriting symbol font `letters' in version `bold'
(Font)                  OML/txmi/m/it --> OML/txmi/bx/it on input line 59.
\symlettersA=\mathgroup8
LaTeX Font Info:    Overwriting symbol font `lettersA' in version `bold'
(Font)                  U/txmia/m/it --> U/txmia/bx/it on input line 67.
LaTeX Font Info:    Redeclaring math alphabet \mathfrak on input line 70.
LaTeX Font Info:    Redeclaring symbol font `symbols' on input line 77.
LaTeX Font Info:    Overwriting symbol font `symbols' in version `normal'
(Font)                  OMS/cmsy/m/n --> OMS/txsy/m/n on input line 77.
LaTeX Font Info:    Overwriting symbol font `symbols' in version `bold'
(Font)                  OMS/cmsy/b/n --> OMS/txsy/m/n on input line 77.
LaTeX Font Info:    Overwriting symbol font `symbols' in version `bold'
(Font)                  OMS/txsy/m/n --> OMS/txsy/bx/n on input line 78.
LaTeX Font Info:    Redeclaring symbol font `AMSa' on input line 93.
LaTeX Font Info:    Overwriting symbol font `AMSa' in version `normal'
(Font)                  U/msa/m/n --> U/txsya/m/n on input line 93.
LaTeX Font Info:    Overwriting symbol font `AMSa' in version `bold'
(Font)                  U/msa/m/n --> U/txsya/m/n on input line 93.
LaTeX Font Info:    Overwriting symbol font `AMSa' in version `bold'
(Font)                  U/txsya/m/n --> U/txsya/bx/n on input line 94.
LaTeX Font Info:    Redeclaring symbol font `AMSb' on input line 102.
LaTeX Font Info:    Overwriting symbol font `AMSb' in version `normal'
(Font)                  U/msb/m/n --> U/txsyb/m/n on input line 102.
LaTeX Font Info:    Overwriting symbol font `AMSb' in version `bold'
(Font)                  U/msb/m/n --> U/txsyb/m/n on input line 102.
LaTeX Font Info:    Overwriting symbol font `AMSb' in version `bold'
(Font)                  U/txsyb/m/n --> U/txsyb/bx/n on input line 103.
\symsymbolsC=\mathgroup9
LaTeX Font Info:    Overwriting symbol font `symbolsC' in version `bold'
(Font)                  U/txsyc/m/n --> U/txsyc/bx/n on input line 113.
LaTeX Font Info:    Redeclaring symbol font `largesymbols' on input line 120.
LaTeX Font Info:    Overwriting symbol font `largesymbols' in version `normal'
(Font)                  OMX/cmex/m/n --> OMX/txex/m/n on input line 120.
LaTeX Font Info:    Overwriting symbol font `largesymbols' in version `bold'
(Font)                  OMX/cmex/m/n --> OMX/txex/m/n on input line 120.
LaTeX Font Info:    Overwriting symbol font `largesymbols' in version `bold'
(Font)                  OMX/txex/m/n --> OMX/txex/bx/n on input line 121.
\symlargesymbolsA=\mathgroup10
LaTeX Font Info:    Overwriting symbol font `largesymbolsA' in version `bold'
(Font)                  U/txexa/m/n --> U/txexa/bx/n on input line 129.
LaTeX Info: Redefining \not on input line 1043.
)
(c:/w32tex/share/texmf-dist/tex/latex/tools/enumerate.sty
Package: enumerate 2015/07/23 v3.00 enumerate extensions (DPC)
\@enLab=\toks21
)
(c:/w32tex/share/texmf-dist/tex/latex/tools/bm.sty
Package: bm 2014/10/28 v1.1c Bold Symbol Support (DPC/FMi)
\symboldoperators=\mathgroup11
\symboldletters=\mathgroup12
\symboldsymbols=\mathgroup13
\symboldlargesymbols=\mathgroup14
LaTeX Font Info:    Redeclaring math alphabet \mathbf on input line 141.
LaTeX Info: Redefining \bm on input line 207.
)
(c:/w32tex/share/texmf-dist/tex/latex/multirow/multirow.sty
\bigstrutjot=\dimen132
)
(c:/w32tex/share/texmf-dist/tex/latex/url/url.sty
\Urlmuskip=\muskip11
Package: url 2013/09/16  ver 3.4  Verb mode for urls, etc.
)
(c:/w32tex/share/texmf-dist/tex/latex/tools/array.sty
Package: array 2014/10/28 v2.4c Tabular extension package (FMi)
\col@sep=\dimen133
\extrarowheight=\dimen134
\NC@list=\toks22
\extratabsurround=\skip46
\backup@length=\skip47
)
LaTeX Font Info:    Try loading font information for T1+txr on input line 55.

(c:/w32tex/share/texmf-dist/tex/latex/txr/t1txr.fd
File: t1txr.fd 2000/12/15 v3.1
)
No file main.aux.
\openout1 = `main.aux'.

LaTeX Font Info:    Checking defaults for OML/txmi/m/it on input line 65.
LaTeX Font Info:    Try loading font information for OML+txmi on input line 65.

(c:/w32tex/share/texmf-dist/tex/latex/txr/omltxmi.fd
File: omltxmi.fd 2000/12/15 v3.1
)
LaTeX Font Info:    ... okay on input line 65.
LaTeX Font Info:    Checking defaults for T1/cmr/m/n on input line 65.
LaTeX Font Info:    ... okay on input line 65.
LaTeX Font Info:    Checking defaults for OT1/cmr/m/n on input line 65.
LaTeX Font Info:    ... okay on input line 65.
LaTeX Font Info:    Checking defaults for OMS/txsy/m/n on input line 65.
LaTeX Font Info:    Try loading font information for OMS+txsy on input line 65.


(c:/w32tex/share/texmf-dist/tex/latex/txr/omstxsy.fd
File: omstxsy.fd 2000/12/15 v3.1
)
LaTeX Font Info:    ... okay on input line 65.
LaTeX Font Info:    Checking defaults for OMX/txex/m/n on input line 65.
LaTeX Font Info:    Try loading font information for OMX+txex on input line 65.


(c:/w32tex/share/texmf-dist/tex/latex/txr/omxtxex.fd
File: omxtxex.fd 2000/12/15 v3.1
)
LaTeX Font Info:    ... okay on input line 65.
LaTeX Font Info:    Checking defaults for U/txexa/m/n on input line 65.
LaTeX Font Info:    Try loading font information for U+txexa on input line 65.

(c:/w32tex/share/texmf-dist/tex/latex/txr/utxexa.fd
File: utxexa.fd 2000/12/15 v3.1
)
LaTeX Font Info:    ... okay on input line 65.
LaTeX Font Info:    Checking defaults for JY1/mc/m/n on input line 65.
LaTeX Font Info:    ... okay on input line 65.
LaTeX Font Info:    Checking defaults for JT1/mc/m/n on input line 65.
LaTeX Font Info:    ... okay on input line 65.

(I search kanjifont definition file: . . )
LaTeX Font Info:    Font shape `JT1/mc/bx/n' in size <20.74> not available
(Font)              Font shape `JT1/gt/m/n' tried instead on input line 66.
LaTeX Font Info:    Font shape `JY1/mc/bx/n' in size <20.74> not available
(Font)              Font shape `JY1/gt/m/n' tried instead on input line 66.
LaTeX Font Info:    Font shape `JT1/mc/bx/n' in size <17.28> not available
(Font)              Font shape `JT1/gt/m/n' tried instead on input line 66.
LaTeX Font Info:    Font shape `JY1/mc/bx/n' in size <17.28> not available
(Font)              Font shape `JY1/gt/m/n' tried instead on input line 66.
LaTeX Font Info:    Font shape `JT1/mc/bx/n' in size <14.4> not available
(Font)              Font shape `JT1/gt/m/n' tried instead on input line 66.
LaTeX Font Info:    Font shape `JY1/mc/bx/n' in size <14.4> not available
(Font)              Font shape `JY1/gt/m/n' tried instead on input line 66.
 [1

]
No file main.toc.
\tf@toc=\write3
\openout3 = `main.toc'.

[1

] (./chapter/序論.tex
第1章1 
LaTeX Font Info:    Font shape `JT1/mc/bx/n' in size <24.88> not available
(Font)              Font shape `JT1/gt/m/n' tried instead on input line 4.
LaTeX Font Info:    Font shape `JY1/mc/bx/n' in size <24.88> not available
(Font)              Font shape `JY1/gt/m/n' tried instead on input line 4.
LaTeX Font Info:    Font shape `JT1/mc/bx/n' in size <10> not available
(Font)              Font shape `JT1/gt/m/n' tried instead on input line 12.
LaTeX Font Info:    Font shape `JY1/mc/bx/n' in size <10> not available
(Font)              Font shape `JY1/gt/m/n' tried instead on input line 12.
[1

] [2]) (./chapter/NDTを用いた位置同定.tex [3]
第2章2 
[4

]

LaTeX Warning: Reference `NDTの概念' on page 5 undefined on input line 14.

LaTeX Font Info:    Try loading font information for OT1+txr on input line 15.
(c:/w32tex/share/texmf-dist/tex/latex/txr/ot1txr.fd
File: ot1txr.fd 2000/12/15 v3.1
)
LaTeX Font Info:    Try loading font information for U+txsya on input line 15.

(c:/w32tex/share/texmf-dist/tex/latex/txr/utxsya.fd
File: utxsya.fd 2000/12/15 v3.1
)
LaTeX Font Info:    Try loading font information for U+txsyb on input line 15.

(c:/w32tex/share/texmf-dist/tex/latex/txr/utxsyb.fd
File: utxsyb.fd 2000/12/15 v3.1
)
LaTeX Font Info:    Try loading font information for U+txmia on input line 15.

(c:/w32tex/share/texmf-dist/tex/latex/txr/utxmia.fd
File: utxmia.fd 2000/12/15 v3.1
)
LaTeX Font Info:    Try loading font information for U+txsyc on input line 15.

(c:/w32tex/share/texmf-dist/tex/latex/txr/utxsyc.fd
File: utxsyc.fd 2000/12/15 v3.1
)
File: figure/NDTの概念.eps Graphic file (type eps)
 <figure/NDTの概念.eps>
[5]

LaTeX Warning: Reference `データ構成' on page 6 undefined on input line 38.


LaTeX Warning: Reference `NDTまとめ' on page 6 undefined on input line 38.

File: figure/データ構成.eps Graphic file (type eps)
<figure/データ構成.eps>
File: figure/NDTまとめ.eps Graphic file (type eps)
 <figure/NDTまとめ.eps> [6]

LaTeX Warning: Reference `オーバーラップNDボクセル' on page 7 undefined on inpu
t line 65.


LaTeX Warning: Reference `オーバーラップNDボクセルの例' on page 7 undefined on 
input line 65.

File: figure/オーバーラップNDボクセル.eps Graphic file (type eps)
<figure/オーバーラップNDボクセル.eps>
File: figure/オーバーラップNDボクセルの例.eps Graphic file (type eps)

<figure/オーバーラップNDボクセルの例.eps> [7]

LaTeX Warning: Reference `ボクセルサイズによる解像度' on page 8 undefined on in
put line 91.

File: figure/ボクセルサイズによる解像度.eps Graphic file (type eps)
<figure/ボクセルサイズによる解像度.eps> [8] [9]

LaTeX Warning: Reference `尤度計算手順' on page 10 undefined on input line 120.


File: figure/尤度計算手順.eps Graphic file (type eps)
<figure/尤度計算手順.eps>

LaTeX Warning: Reference `尤度計算' on page 10 undefined on input line 131.

File: figure/尤度計算.eps Graphic file (type eps)
<figure/尤度計算.eps>
Overfull \hbox (17.14723pt too wide) in paragraph at lines 143--144
 [] 
 []


LaTeX Warning: Reference `尤度計算' on page 10 undefined on input line 150.

[10]

LaTeX Warning: Reference `尤度計算' on page 11 undefined on input line 159.

[11] [12]

LaTeX Warning: Reference `収束過程の例' on page 13 undefined on input line 184.


File: figure/収束過程の例.eps Graphic file (type eps)
<figure/収束過程の例.eps> [13]) (./chapter/ステレオカメラを用いた位置同定.tex
第3章3 
[14

]
LaTeX Font Info:    Font shape `JT1/mc/bx/n' in size <12> not available
(Font)              Font shape `JT1/gt/m/n' tried instead on input line 15.
LaTeX Font Info:    Font shape `JY1/mc/bx/n' in size <12> not available
(Font)              Font shape `JY1/gt/m/n' tried instead on input line 15.


LaTeX Warning: Reference `ステレオカメラ' on page 15 undefined on input line 16
.


LaTeX Warning: Reference `システム構成' on page 15 undefined on input line 16.

File: figure/ステレオカメラ.eps Graphic file (type eps)
<figure/ステレオカメラ.eps> [15]
File: figure/システム構成.eps Graphic file (type eps)
 <figure/システム構成.eps>
LaTeX Font Info:    Try loading font information for OMS+txr on input line 46.

(c:/w32tex/share/texmf-dist/tex/latex/txr/omstxr.fd
File: omstxr.fd 2000/12/15 v3.1
)
LaTeX Font Info:    Font shape `OMS/txr/m/n' in size <10> not available
(Font)              Font shape `OMS/txsy/m/n' tried instead on input line 46.


LaTeX Warning: Reference `プレート' on page 16 undefined on input line 46.

File: figure/プレートイメージ.eps Graphic file (type eps)
<figure/プレートイメージ.eps>
File: figure/プレート.eps Graphic file (type eps)
 <figure/プレート.eps>
File: figure/設置イメージ.eps Graphic file (type eps)
 <figure/設置イメージ.eps>
[16] [17]

LaTeX Warning: Reference `キャリブレーションボード' on page 18 undefined on inp
ut line 82.

File: figure/キャリブレーションボード.eps Graphic file (type eps)
<figure/キャリブレーションボード.eps>
Overfull \hbox (11.78389pt too wide) in paragraph at lines 92--93
 [] 
 []

[18]
File: figure/caribration1.eps Graphic file (type eps)
 <figure/caribration1.eps>
File: figure/caribration2.eps Graphic file (type eps)
 <figure/caribration2.eps> [19] [20]
File: figure/ステレオ画像.eps Graphic file (type eps)

<figure/ステレオ画像.eps>
File: figure/RGB-D画像.eps Graphic file (type eps)
 <figure/RGB-D画像.eps> [21]
File: figure/台車用のプレート設計図.eps Graphic file (type eps)

<figure/台車用のプレート設計図.eps> [22]
File: figure/ステレオカメラ取り付けのイメージ.eps Graphic file (type eps)

<figure/ステレオカメラ取り付けのイメージ.eps>
File: figure/台車全体の取り付けイメージ.eps Graphic file (type eps)

<figure/台車全体の取り付けイメージ.eps>
File: figure/battery_kinectV2.eps Graphic file (type eps)
 <figure/battery_kinectV2.eps>
File: figure/台車.eps Graphic file (type eps)

<figure/台車.eps> [23] [24]
File: figure/FARO.eps Graphic file (type eps)
 <figure/FARO.eps>
File: figure/地図データ(PTX).eps Graphic file (type eps)
 <figure/地図データ(PTX).eps>
File: figure/地図データ(Voxel).eps Graphic file (type eps)

<figure/地図データ(Voxel).eps> [25] [26]
File: figure/球の認識.eps Graphic file (type eps)
 <figure/球の認識.eps>
Overfull \hbox (1.68161pt too wide) in paragraph at lines 252--253
 [] 
 []

[27]
File: figure/撮影注意.eps Graphic file (type eps)
 <figure/撮影注意.eps>) (./chapter/計測実験と評価.tex [28]
第4章4 
[29

] [30]
File: figure/テクスチャー無の屋内実験のキャップチャ－.eps Graphic file (type ep
s)
 <figure/テクスチャー無の屋内実験のキャップチャ－.eps> [31]

LaTeX Warning: Reference `屋内実験場所' on page 32 undefined on input line 64.

File: figure/屋内実験場所.eps Graphic file (type eps)
<figure/屋内実験場所.eps>

LaTeX Warning: Reference `屋内実験場所' on page 32 undefined on input line 75.


LaTeX Warning: Reference `屋内計測データ例' on page 32 undefined on input line 
75.

[32]
File: figure/屋内計測データ例.eps Graphic file (type eps)
 <figure/屋内計測データ例.eps>
File: figure/無有無.eps Graphic file (type eps)
 <figure/無有無.eps>
File: figure/有有無.eps Graphic file (type eps)
 <figure/有有無.eps>
File: figure/無有無2.eps Graphic file (type eps)

<figure/無有無2.eps>
File: figure/有有無2.eps Graphic file (type eps)
 <figure/有有無2.eps> [33] [34] [35]

LaTeX Warning: Reference `屋内計測データ例' on page 36 undefined on input line 
135.

File: figure/各条件の性能.eps Graphic file (type eps)
<figure/各条件の性能.eps>
File: figure/各条件のパーティクル更新時間.eps Graphic file (type eps)
 <figure/各条件のパーティクル更新時間.eps> [36]
[37]

LaTeX Warning: Reference `テクスチャー有の屋内実験のキャップチャ－' on page 38 
undefined on input line 203.


LaTeX Warning: Reference `テクスチャー' on page 38 undefined on input line 203.



LaTeX Warning: Reference `テクスチャー有の屋内実験場所' on page 38 undefined on
 input line 203.


LaTeX Warning: Reference `テクスチャー有の屋内実験場所' on page 38 undefined on
 input line 203.


LaTeX Warning: Reference `テクスチャー有の屋内データ例' on page 38 undefined on
 input line 203.

File: figure/テクスチャー有の屋内実験のキャップチャ－.eps Graphic file (type ep
s)
<figure/テクスチャー有の屋内実験のキャップチャ－.eps>
File: figure/テクスチャー.eps Graphic file (type eps)

<figure/テクスチャー.eps>
File: figure/テクスチャー有の屋内実験場所.eps Graphic file (type eps)
 <figure/テクスチャー有の屋内実験場所.eps>
File: figure/テクスチャー有の屋内データ例.eps Graphic file (type eps)

<figure/テクスチャー有の屋内データ例.eps> [38] [39] [40]
File: figure/有80.eps Graphic file (type eps)
 <figure/有80.eps>
File: figure/有40.eps Graphic file (type eps)

<figure/有40.eps> [41]
File: figure/各条件の性能2.eps Graphic file (type eps)
 <figure/各条件の性能2.eps>
File: figure/各条件のパーティクル更新時間2.eps Graphic file (type eps)

<figure/各条件のパーティクル更新時間2.eps> [42] [43]
Overfull \hbox (2.69939pt too wide) in paragraph at lines 334--340
 [] 
 []

[44] [45]

LaTeX Warning: Reference `ステレオカメラとKinectV2計測データ比較' on page 46 un
defined on input line 383.

File: figure/ステレオカメラとKinectV2計測データ比較.eps Graphic file (type eps)

<figure/ステレオカメラとKinectV2計測データ比較.eps> [46]

LaTeX Warning: Reference `ステレオカメラとKinectV2計測データ比較' on page 47 un
defined on input line 397.

File: figure/KinectV2性能.eps Graphic file (type eps)
<figure/KinectV2性能.eps> [47] [48]
File: figure/日光影響によるデータ比較実実験場所.eps Graphic file (type eps)

<figure/日光影響によるデータ比較実実験場所.eps>
Overfull \hbox (0.61388pt too wide) in paragraph at lines 460--461
 [] 
 []

[49]
File: figure/日光影響によるデータ比較.eps Graphic file (type eps)
 <figure/日光影響によるデータ比較.eps> [50]
File: figure/屋外実験場所.eps Graphic file (type eps)
 <figure/屋外実験場所.eps>
File: figure/10m以内に壁があるシーン.eps Graphic file (type eps)

<figure/10m以内に壁があるシーン.eps>
File: figure/10m以内に壁がないシーン.eps Graphic file (type eps)
 <figure/10m以内に壁がないシーン.eps>
File: figure/木が2つあるシーン.eps Graphic file (type eps)

<figure/木が2つあるシーン.eps>
File: figure/木とポールがあるシーン.eps Graphic file (type eps)
 <figure/木とポールがあるシーン.eps> [51]
[52] [53]

LaTeX Warning: Reference `一本木の実験場所' on page 54 undefined on input line 
577.


LaTeX Warning: Reference `一本木の実験場所' on page 54 undefined on input line 
577.

File: figure/一本木の実験場所.eps Graphic file (type eps)
<figure/一本木の実験場所.eps>
File: figure/0°シーンの各データ.eps Graphic file (type eps)
 <figure/0°シーンの各データ.eps>
File: figure/90°シーンの各データ.eps Graphic file (type eps)

<figure/90°シーンの各データ.eps>
File: figure/180°シーンの各データ.eps Graphic file (type eps)
 <figure/180°シーンの各データ.eps> [54]
[55]) (./chapter/結論.tex [56]
第5章5 
[57

]) (./chapter/acknowledgement.tex [58]
謝辞
) (./chapter/参考文献.tex [59

]
参考文献

LaTeX Font Warning: Font shape `JT1/mc/m/it' undefined
(Font)              using `JT1/mc/m/n' instead on input line 5.


LaTeX Font Warning: Font shape `JY1/mc/m/it' undefined
(Font)              using `JY1/mc/m/n' instead on input line 5.

) [60

] (./main.aux)

LaTeX Font Warning: Some font shapes were not available, defaults substituted.


LaTeX Warning: There were undefined references.


LaTeX Warning: Label(s) may have changed. Rerun to get cross-references right.

 ) 
Here is how much of TeX's memory you used:
 2912 strings out of 493734
 36242 string characters out of 6152926
 85602 words of memory out of 5000000
 6302 multiletter control sequences out of 15000+600000
 50692 words of font info for 106 fonts, out of 8000000 for 9000
 929 hyphenation exceptions out of 8191
 27i,10n,26p,961b,466s stack positions out of 5000i,500n,10000p,500000b,80000s

Output written on main.dvi (62 pages, 133900 bytes).
